<?xml version="1.0" encoding="UTF-8"?>
<testng-results total="1" passed="1" failed="0" skipped="0">
  <reporter-output>
  </reporter-output>
  <suite started-at="2025-01-19T17:14:21Z" name="Default suite" finished-at="2025-01-19T17:15:23Z" duration-ms="62177">
    <groups>
    </groups>
    <test started-at="2025-01-19T17:14:21Z" name="Default test" finished-at="2025-01-19T17:15:23Z" duration-ms="62177">
      <class name="CalleyTeamsFullSetup.CalleyAutomation.AgentPageTest">
        <test-method is-config="true" signature="setUp()[pri:0, instance:CalleyTeamsFullSetup.CalleyAutomation.AgentPageTest@4e0ae11f]" started-at="2025-01-19T22:44:21Z" name="setUp" finished-at="2025-01-19T22:45:13Z" duration-ms="52329" status="PASS">
          <reporter-output>
          </reporter-output>
        </test-method> <!-- setUp -->
        <test-method signature="addAgentsTo()[pri:1, instance:CalleyTeamsFullSetup.CalleyAutomation.AgentPageTest@4e0ae11f]" started-at="2025-01-19T22:45:13Z" name="addAgentsTo" finished-at="2025-01-19T22:45:23Z" duration-ms="9474" status="PASS">
          <reporter-output>
          </reporter-output>
        </test-method> <!-- addAgentsTo -->
        <test-method is-config="true" signature="tearDown()[pri:0, instance:CalleyTeamsFullSetup.CalleyAutomation.AgentPageTest@4e0ae11f]" started-at="2025-01-19T22:45:23Z" name="tearDown" finished-at="2025-01-19T22:45:23Z" duration-ms="357" status="PASS">
          <reporter-output>
          </reporter-output>
        </test-method> <!-- tearDown -->
      </class> <!-- CalleyTeamsFullSetup.CalleyAutomation.AgentPageTest -->
    </test> <!-- Default test -->
  </suite> <!-- Default suite -->
</testng-results>
